<?xml version="1.0" encoding="UTF-8"?>
<Site BuildName="(empty)"
	BuildStamp="20241030-1005-Experimental"
	Name="mo-user"
	Generator="ctest-3.16.3"
	CompilerName="/usr/bin/g++"
	CompilerVersion="9.4.0"
	OSName="Linux"
	Hostname="mo-user"
	OSRelease="5.15.0-124-generic"
	OSVersion="#134~20.04.1-Ubuntu SMP Tue Oct 1 15:27:33 UTC 2024"
	OSPlatform="x86_64"
	Is64Bits="1"
	VendorString="GenuineIntel"
	VendorID="Intel Corporation"
	FamilyID="6"
	ModelID="158"
	ProcessorCacheSize="6144"
	NumberOfLogicalCPU="8"
	NumberOfPhysicalCPU="4"
	TotalVirtualMemory="4095"
	TotalPhysicalMemory="15873"
	LogicalProcessorsPerPhysical="2"
	ProcessorClockFrequency="3420"
	>
	<Testing>
		<StartDateTime>Oct 31 03:59 +08</StartDateTime>
		<StartTestTime>1730318360</StartTestTime>
		<TestList/>
		<EndDateTime>Oct 31 03:59 +08</EndDateTime>
		<EndTestTime>1730318360</EndTestTime>
		<ElapsedMinutes>0</ElapsedMinutes>
	</Testing>
</Site>
